Calling `DidYouMean::SPELL_CHECKERS.merge!(error_name => spell_checker)' has been deprecated. Please call `DidYouMean.correct_error(error_name, spell_checker)' instead.
To use retry middleware with Faraday v2.0+, install `faraday-retry` gem
/Users/kehanguo/PycharmProjects/KehanGuo/vendor/bundle/ruby/3.1.0/gems/jekyll-3.9.0/lib/jekyll/log_adapter.rb:43: warning: Logger not initialized properly
/Users/kehanguo/PycharmProjects/KehanGuo/vendor/bundle/ruby/3.1.0/gems/jekyll-3.9.0/lib/jekyll/stevenson.rb:5: info: Jekyll::Stevenson#initialize: does not call super probably
Configuration file: /Users/kehanguo/PycharmProjects/KehanGuo/_config.yml
            Source: /Users/kehanguo/PycharmProjects/KehanGuo
       Destination: /Users/kehanguo/PycharmProjects/KehanGuo/_site
 Incremental build: disabled. Enable with --incremental
      Generating... 
       Jekyll Feed: Generating feed for posts
                    done in 2.964 seconds.
 Auto-regeneration: enabled for '/Users/kehanguo/PycharmProjects/KehanGuo'
LiveReload address: http://0.0.0.0:35729
    Server address: http://0.0.0.0:4000
  Server running... press ctrl-c to stop.
      Regenerating: 1 file(s) changed at 2025-10-11 09:10:56
                    .jekyll.log
       Jekyll Feed: Generating feed for posts
                    ...done in 1.618441 seconds.
                    
        LiveReload: Browser connected
      Regenerating: 1 file(s) changed at 2025-10-11 09:40:44
                    _includes/masthead.html
       Jekyll Feed: Generating feed for posts
                    ...done in 1.57188 seconds.
                    
      Regenerating: 1 file(s) changed at 2025-10-11 09:40:53
                    _layouts/home.html
       Jekyll Feed: Generating feed for posts
                    ...done in 1.555498 seconds.
                    
      Regenerating: 1 file(s) changed at 2025-10-11 09:40:58
                    assets/css/main.scss
       Jekyll Feed: Generating feed for posts
                    ...done in 1.505913 seconds.
                    
      Regenerating: 3 file(s) changed at 2025-10-11 09:41:06
                    _includes/masthead.html
                    assets/css/main.scss
                    _layouts/home.html
       Jekyll Feed: Generating feed for posts
                    ...done in 1.519922 seconds.
                    
[2025-10-11 09:41:08] ERROR Errno::ECONNRESET: Connection reset by peer @ io_fillbuf - fd:19 
	/Users/kehanguo/PycharmProjects/KehanGuo/vendor/bundle/ruby/3.1.0/gems/webrick-1.9.1/lib/webrick/httpserver.rb:82:in `eof?'
	/Users/kehanguo/PycharmProjects/KehanGuo/vendor/bundle/ruby/3.1.0/gems/webrick-1.9.1/lib/webrick/httpserver.rb:82:in `run'
	/Users/kehanguo/PycharmProjects/KehanGuo/vendor/bundle/ruby/3.1.0/gems/webrick-1.9.1/lib/webrick/server.rb:310:in `block in start_thread'
      Regenerating: 1 file(s) changed at 2025-10-11 09:43:13
                    _layouts/home.html
       Jekyll Feed: Generating feed for posts
                    ...done in 1.534514 seconds.
                    
[2025-10-11 09:43:15] ERROR Errno::ECONNRESET: Connection reset by peer @ io_fillbuf - fd:20 
	/Users/kehanguo/PycharmProjects/KehanGuo/vendor/bundle/ruby/3.1.0/gems/webrick-1.9.1/lib/webrick/httpserver.rb:82:in `eof?'
	/Users/kehanguo/PycharmProjects/KehanGuo/vendor/bundle/ruby/3.1.0/gems/webrick-1.9.1/lib/webrick/httpserver.rb:82:in `run'
	/Users/kehanguo/PycharmProjects/KehanGuo/vendor/bundle/ruby/3.1.0/gems/webrick-1.9.1/lib/webrick/server.rb:310:in `block in start_thread'
      Regenerating: 2 file(s) changed at 2025-10-11 09:43:16
                    index.html
                    .jekyll.log
       Jekyll Feed: Generating feed for posts
                    ...done in 1.568523 seconds.
                    
      Regenerating: 3 file(s) changed at 2025-10-11 09:43:22
                    _layouts/home.html
                    index.html
                    .jekyll.log
       Jekyll Feed: Generating feed for posts
                    ...done in 1.528669 seconds.
                    
      Regenerating: 1 file(s) changed at 2025-10-11 09:45:40
                    _layouts/home.html
       Jekyll Feed: Generating feed for posts
                    ...done in 1.611599 seconds.
                    
      Regenerating: 1 file(s) changed at 2025-10-11 09:45:46
                    assets/css/main.scss
       Jekyll Feed: Generating feed for posts
                    ...done in 1.477764 seconds.
                    
      Regenerating: 2 file(s) changed at 2025-10-11 09:45:51
                    _layouts/home.html
                    assets/css/main.scss
       Jekyll Feed: Generating feed for posts
                    ...done in 1.533598 seconds.
                    
      Regenerating: 1 file(s) changed at 2025-10-11 10:18:51
                    _layouts/home.html
       Jekyll Feed: Generating feed for posts
                    ...done in 1.50725 seconds.
                    
      Regenerating: 1 file(s) changed at 2025-10-11 10:18:59
                    assets/css/main.scss
       Jekyll Feed: Generating feed for posts
                    ...done in 1.437773 seconds.
                    
      Regenerating: 2 file(s) changed at 2025-10-11 10:19:10
                    _layouts/home.html
                    assets/css/main.scss
       Jekyll Feed: Generating feed for posts
                    ...done in 1.568217 seconds.
                    
      Regenerating: 1 file(s) changed at 2025-10-11 10:21:48
                    _sass/_variables.scss
       Jekyll Feed: Generating feed for posts
                    ...done in 1.656667 seconds.
                    
      Regenerating: 1 file(s) changed at 2025-10-11 10:21:55
                    assets/css/main.scss
       Jekyll Feed: Generating feed for posts
                    ...done in 1.517956 seconds.
                    
      Regenerating: 2 file(s) changed at 2025-10-11 10:22:04
                    assets/css/main.scss
                    _sass/_variables.scss
       Jekyll Feed: Generating feed for posts
                    ...done in 1.533943 seconds.
                    
      Regenerating: 1 file(s) changed at 2025-10-11 10:24:28
                    _layouts/home.html
       Jekyll Feed: Generating feed for posts
                    ...done in 1.494656 seconds.
                    
[2025-10-11 10:24:30] ERROR Errno::ECONNRESET: Connection reset by peer @ io_fillbuf - fd:20 
	/Users/kehanguo/PycharmProjects/KehanGuo/vendor/bundle/ruby/3.1.0/gems/webrick-1.9.1/lib/webrick/httpserver.rb:82:in `eof?'
	/Users/kehanguo/PycharmProjects/KehanGuo/vendor/bundle/ruby/3.1.0/gems/webrick-1.9.1/lib/webrick/httpserver.rb:82:in `run'
	/Users/kehanguo/PycharmProjects/KehanGuo/vendor/bundle/ruby/3.1.0/gems/webrick-1.9.1/lib/webrick/server.rb:310:in `block in start_thread'
      Regenerating: 1 file(s) changed at 2025-10-11 10:24:36
                    _layouts/home.html
       Jekyll Feed: Generating feed for posts
                    ...done in 1.66403 seconds.
                    
      Regenerating: 1 file(s) changed at 2025-10-11 10:26:54
                    _layouts/home.html
       Jekyll Feed: Generating feed for posts
                    ...done in 1.488608 seconds.
                    
      Regenerating: 1 file(s) changed at 2025-10-11 10:26:57
                    assets/css/main.scss
       Jekyll Feed: Generating feed for posts
                    ...done in 1.422629 seconds.
                    
      Regenerating: 2 file(s) changed at 2025-10-11 10:27:03
                    assets/css/main.scss
                    _layouts/home.html
       Jekyll Feed: Generating feed for posts
                    ...done in 1.534828 seconds.
                    
      Regenerating: 1 file(s) changed at 2025-10-11 10:29:22
                    _sass/_variables.scss
       Jekyll Feed: Generating feed for posts
                    ...done in 1.482931 seconds.
                    
      Regenerating: 1 file(s) changed at 2025-10-11 10:29:50
                    assets/css/main.scss
       Jekyll Feed: Generating feed for posts
                    ...done in 1.776152 seconds.
                    
      Regenerating: 2 file(s) changed at 2025-10-11 10:29:59
                    _sass/_variables.scss
                    assets/css/main.scss
       Jekyll Feed: Generating feed for posts
                    ...done in 1.586397 seconds.
                    
      Regenerating: 1 file(s) changed at 2025-10-11 10:32:07
                    assets/css/main.scss
       Jekyll Feed: Generating feed for posts
                    ...done in 1.530712 seconds.
                    
      Regenerating: 1 file(s) changed at 2025-10-11 10:32:18
                    assets/css/main.scss
       Jekyll Feed: Generating feed for posts
                    ...done in 1.555244 seconds.
                    
      Regenerating: 1 file(s) changed at 2025-10-11 10:33:45
                    assets/css/main.scss
       Jekyll Feed: Generating feed for posts
                    ...done in 1.603231 seconds.
                    
      Regenerating: 1 file(s) changed at 2025-10-11 10:33:55
                    assets/css/main.scss
       Jekyll Feed: Generating feed for posts
                    ...done in 1.722092 seconds.
                    
      Regenerating: 1 file(s) changed at 2025-10-11 10:35:23
                    assets/css/main.scss
       Jekyll Feed: Generating feed for posts
                    ...done in 1.639145 seconds.
                    
      Regenerating: 1 file(s) changed at 2025-10-11 10:35:32
                    assets/css/main.scss
       Jekyll Feed: Generating feed for posts
                    ...done in 1.549332 seconds.
                    
      Regenerating: 1 file(s) changed at 2025-10-11 11:20:27
                    _layouts/home.html
       Jekyll Feed: Generating feed for posts
                    ...done in 1.664582 seconds.
                    
      Regenerating: 1 file(s) changed at 2025-10-11 11:20:36
                    assets/css/main.scss
       Jekyll Feed: Generating feed for posts
                    ...done in 1.542564 seconds.
                    
      Regenerating: 2 file(s) changed at 2025-10-11 11:20:44
                    assets/css/main.scss
                    _layouts/home.html
       Jekyll Feed: Generating feed for posts
                    ...done in 1.607766 seconds.
                    
      Regenerating: 1 file(s) changed at 2025-10-11 11:23:29
                    _layouts/home.html
       Jekyll Feed: Generating feed for posts
                    ...done in 1.619498 seconds.
                    
[2025-10-11 11:23:31] ERROR Errno::ECONNRESET: Connection reset by peer @ io_fillbuf - fd:20 
	/Users/kehanguo/PycharmProjects/KehanGuo/vendor/bundle/ruby/3.1.0/gems/webrick-1.9.1/lib/webrick/httpserver.rb:82:in `eof?'
	/Users/kehanguo/PycharmProjects/KehanGuo/vendor/bundle/ruby/3.1.0/gems/webrick-1.9.1/lib/webrick/httpserver.rb:82:in `run'
	/Users/kehanguo/PycharmProjects/KehanGuo/vendor/bundle/ruby/3.1.0/gems/webrick-1.9.1/lib/webrick/server.rb:310:in `block in start_thread'
      Regenerating: 1 file(s) changed at 2025-10-11 11:23:47
                    assets/css/main.scss
       Jekyll Feed: Generating feed for posts
                    ...done in 1.52871 seconds.
                    
      Regenerating: 2 file(s) changed at 2025-10-11 11:23:59
                    _layouts/home.html
                    assets/css/main.scss
       Jekyll Feed: Generating feed for posts
                    ...done in 1.604549 seconds.
                    
      Regenerating: 1 file(s) changed at 2025-10-11 11:32:54
                    _layouts/home.html
       Jekyll Feed: Generating feed for posts
                    ...done in 1.5939 seconds.
                    
      Regenerating: 1 file(s) changed at 2025-10-11 11:32:59
                    assets/css/main.scss
       Jekyll Feed: Generating feed for posts
                    ...done in 1.533807 seconds.
                    
      Regenerating: 2 file(s) changed at 2025-10-11 11:33:11
                    assets/css/main.scss
                    _layouts/home.html
       Jekyll Feed: Generating feed for posts
                    ...done in 1.588276 seconds.
                    
      Regenerating: 1 file(s) changed at 2025-10-11 11:35:24
                    _layouts/home.html
       Jekyll Feed: Generating feed for posts
                    ...done in 1.578508 seconds.
                    
      Regenerating: 1 file(s) changed at 2025-10-11 11:35:51
                    assets/css/main.scss
       Jekyll Feed: Generating feed for posts
                    ...done in 1.553246 seconds.
                    
      Regenerating: 2 file(s) changed at 2025-10-11 11:36:05
                    _layouts/home.html
                    assets/css/main.scss
       Jekyll Feed: Generating feed for posts
                    ...done in 1.720506 seconds.
                    
      Regenerating: 1 file(s) changed at 2025-10-11 11:38:01
                    _layouts/home.html
       Jekyll Feed: Generating feed for posts
                    ...done in 1.63948 seconds.
                    
      Regenerating: 1 file(s) changed at 2025-10-11 11:38:10
                    assets/css/main.scss
       Jekyll Feed: Generating feed for posts
                    ...done in 1.540089 seconds.
                    
      Regenerating: 2 file(s) changed at 2025-10-11 11:38:22
                    assets/css/main.scss
                    _layouts/home.html
       Jekyll Feed: Generating feed for posts
                    ...done in 1.624203 seconds.
                    
      Regenerating: 1 file(s) changed at 2025-10-11 11:45:11
                    _includes/masthead.html
       Jekyll Feed: Generating feed for posts
                    ...done in 1.612459 seconds.
                    
      Regenerating: 1 file(s) changed at 2025-10-11 11:45:20
                    _layouts/home.html
       Jekyll Feed: Generating feed for posts
                    ...done in 1.552928 seconds.
                    
[2025-10-11 11:45:22] ERROR Errno::ECONNRESET: Connection reset by peer @ io_fillbuf - fd:18 
	/Users/kehanguo/PycharmProjects/KehanGuo/vendor/bundle/ruby/3.1.0/gems/webrick-1.9.1/lib/webrick/httpserver.rb:82:in `eof?'
	/Users/kehanguo/PycharmProjects/KehanGuo/vendor/bundle/ruby/3.1.0/gems/webrick-1.9.1/lib/webrick/httpserver.rb:82:in `run'
	/Users/kehanguo/PycharmProjects/KehanGuo/vendor/bundle/ruby/3.1.0/gems/webrick-1.9.1/lib/webrick/server.rb:310:in `block in start_thread'
      Regenerating: 1 file(s) changed at 2025-10-11 11:45:29
                    assets/css/main.scss
       Jekyll Feed: Generating feed for posts
                    ...done in 1.603762 seconds.
                    
      Regenerating: 1 file(s) changed at 2025-10-11 11:45:45
                    _layouts/home.html
       Jekyll Feed: Generating feed for posts
                    ...done in 1.633418 seconds.
                    
      Regenerating: 1 file(s) changed at 2025-10-11 11:45:54
                    assets/css/main.scss
       Jekyll Feed: Generating feed for posts
                    ...done in 1.61069 seconds.
                    
      Regenerating: 3 file(s) changed at 2025-10-11 11:46:06
                    _includes/masthead.html
                    _layouts/home.html
                    assets/css/main.scss
       Jekyll Feed: Generating feed for posts
                    ...done in 1.621477 seconds.
                    
      Regenerating: 1 file(s) changed at 2025-10-11 12:01:35
                    _layouts/home.html
       Jekyll Feed: Generating feed for posts
                    ...done in 1.605998 seconds.
                    
      Regenerating: 1 file(s) changed at 2025-10-11 12:01:46
                    _layouts/home.html
       Jekyll Feed: Generating feed for posts
                    ...done in 1.541476 seconds.
                    
      Regenerating: 1 file(s) changed at 2025-10-11 12:02:02
                    _layouts/home.html
       Jekyll Feed: Generating feed for posts
                    ...done in 1.590255 seconds.
                    
      Regenerating: 1 file(s) changed at 2025-10-11 12:06:49
                    _layouts/home.html
       Jekyll Feed: Generating feed for posts
                    ...done in 1.555967 seconds.
                    
[2025-10-11 12:06:50] ERROR Errno::ECONNRESET: Connection reset by peer @ io_fillbuf - fd:20 
	/Users/kehanguo/PycharmProjects/KehanGuo/vendor/bundle/ruby/3.1.0/gems/webrick-1.9.1/lib/webrick/httpserver.rb:82:in `eof?'
	/Users/kehanguo/PycharmProjects/KehanGuo/vendor/bundle/ruby/3.1.0/gems/webrick-1.9.1/lib/webrick/httpserver.rb:82:in `run'
	/Users/kehanguo/PycharmProjects/KehanGuo/vendor/bundle/ruby/3.1.0/gems/webrick-1.9.1/lib/webrick/server.rb:310:in `block in start_thread'
      Regenerating: 1 file(s) changed at 2025-10-11 12:06:58
                    _layouts/home.html
       Jekyll Feed: Generating feed for posts
                    ...done in 1.681413 seconds.
                    
[2025-10-11 12:07:00] ERROR Errno::ECONNRESET: Connection reset by peer @ io_fillbuf - fd:20 
	/Users/kehanguo/PycharmProjects/KehanGuo/vendor/bundle/ruby/3.1.0/gems/webrick-1.9.1/lib/webrick/httpserver.rb:82:in `eof?'
	/Users/kehanguo/PycharmProjects/KehanGuo/vendor/bundle/ruby/3.1.0/gems/webrick-1.9.1/lib/webrick/httpserver.rb:82:in `run'
	/Users/kehanguo/PycharmProjects/KehanGuo/vendor/bundle/ruby/3.1.0/gems/webrick-1.9.1/lib/webrick/server.rb:310:in `block in start_thread'
      Regenerating: 1 file(s) changed at 2025-10-11 12:10:51
                    _includes/masthead.html
       Jekyll Feed: Generating feed for posts
                    ...done in 1.548552 seconds.
                    
      Regenerating: 1 file(s) changed at 2025-10-11 12:11:02
                    _layouts/home.html
       Jekyll Feed: Generating feed for posts
                    ...done in 1.673192 seconds.
                    
      Regenerating: 1 file(s) changed at 2025-10-11 12:11:18
                    _layouts/home.html
       Jekyll Feed: Generating feed for posts
                    ...done in 1.509976 seconds.
                    
      Regenerating: 1 file(s) changed at 2025-10-11 12:11:25
                    _layouts/home.html
       Jekyll Feed: Generating feed for posts
                    ...done in 1.539031 seconds.
                    
      Regenerating: 1 file(s) changed at 2025-10-11 12:11:32
                    _includes/author-profile.html
       Jekyll Feed: Generating feed for posts
                    ...done in 1.497847 seconds.
                    
      Regenerating: 1 file(s) changed at 2025-10-11 12:11:39
                    _layouts/home.html
       Jekyll Feed: Generating feed for posts
                    ...done in 1.547603 seconds.
                    
      Regenerating: 1 file(s) changed at 2025-10-11 12:11:45
                    .jekyll.log
       Jekyll Feed: Generating feed for posts
                    ...done in 1.527547 seconds.
                    
      Regenerating: 4 file(s) changed at 2025-10-11 12:12:03
                    _includes/author-profile.html
                    _includes/masthead.html
                    _layouts/home.html
                    .jekyll.log
       Jekyll Feed: Generating feed for posts
                    ...done in 1.609602 seconds.
                    
      Regenerating: 1 file(s) changed at 2025-10-11 12:13:27
                    _pages/publications.md
       Jekyll Feed: Generating feed for posts
[31m  Liquid Exception: Liquid error (line 5): Cannot sort a null object. in _pages/publications.md[0m
[33m             Error: Liquid error (line 5): Cannot sort a null object.[0m
[33m             Error: Run jekyll build --trace for more information.[0m
                    
      Regenerating: 1 file(s) changed at 2025-10-11 12:13:37
                    _data/publications.yml
       Jekyll Feed: Generating feed for posts
                    ...done in 1.530463 seconds.
                    
      Regenerating: 1 file(s) changed at 2025-10-11 12:17:52
                    _layouts/home.html
       Jekyll Feed: Generating feed for posts
                    ...done in 1.57602 seconds.
                    
[2025-10-11 12:17:54] ERROR Errno::ECONNRESET: Connection reset by peer @ io_fillbuf - fd:20 
	/Users/kehanguo/PycharmProjects/KehanGuo/vendor/bundle/ruby/3.1.0/gems/webrick-1.9.1/lib/webrick/httpserver.rb:82:in `eof?'
	/Users/kehanguo/PycharmProjects/KehanGuo/vendor/bundle/ruby/3.1.0/gems/webrick-1.9.1/lib/webrick/httpserver.rb:82:in `run'
	/Users/kehanguo/PycharmProjects/KehanGuo/vendor/bundle/ruby/3.1.0/gems/webrick-1.9.1/lib/webrick/server.rb:310:in `block in start_thread'
      Regenerating: 3 file(s) changed at 2025-10-11 12:18:09
                    _data/publications.yml
                    _pages/publications.md
                    _layouts/home.html
       Jekyll Feed: Generating feed for posts
                    ...done in 1.647313 seconds.
                    
[2025-10-11 12:21:31] ERROR '/publications/assets/css/main.css' not found.
[2025-10-11 12:21:31] ERROR '/publications/assets/js/main.min.js' not found.
[2025-10-11 12:21:31] ERROR '/publications/assets/css/academicons.css' not found.
[2025-10-11 12:21:31] ERROR '/publications/images/site.webmanifest' not found.
[2025-10-11 12:21:31] ERROR '/publications/images/Notre_Dame.png' not found.
      Regenerating: 1 file(s) changed at 2025-10-11 12:23:35
                    _pages/publications.md
       Jekyll Feed: Generating feed for posts
                    ...done in 1.631616 seconds.
                    
[2025-10-11 12:23:36] ERROR '/publications/assets/css/main.css' not found.
[2025-10-11 12:23:36] ERROR '/publications/assets/css/main.css' not found.
[2025-10-11 12:23:36] ERROR '/publications/assets/css/academicons.css' not found.
[2025-10-11 12:23:36] ERROR '/publications/assets/js/main.min.js' not found.
[2025-10-11 12:23:36] ERROR '/publications/images/site.webmanifest' not found.
      Regenerating: 1 file(s) changed at 2025-10-11 12:23:42
                    assets/css/main.scss
       Jekyll Feed: Generating feed for posts
                    ...done in 1.505346 seconds.
                    
[2025-10-11 12:23:44] ERROR '/publications/assets/css/main.css' not found.
[2025-10-11 12:23:44] ERROR '/publications/assets/js/main.min.js' not found.
[2025-10-11 12:23:44] ERROR Errno::ECONNRESET: Connection reset by peer @ io_fillbuf - fd:24 
	/Users/kehanguo/PycharmProjects/KehanGuo/vendor/bundle/ruby/3.1.0/gems/webrick-1.9.1/lib/webrick/httpserver.rb:82:in `eof?'
	/Users/kehanguo/PycharmProjects/KehanGuo/vendor/bundle/ruby/3.1.0/gems/webrick-1.9.1/lib/webrick/httpserver.rb:82:in `run'
	/Users/kehanguo/PycharmProjects/KehanGuo/vendor/bundle/ruby/3.1.0/gems/webrick-1.9.1/lib/webrick/server.rb:310:in `block in start_thread'
[2025-10-11 12:23:44] ERROR '/publications/assets/css/main.css' not found.
[2025-10-11 12:23:44] ERROR '/publications/assets/css/academicons.css' not found.
[2025-10-11 12:23:44] ERROR '/publications/images/site.webmanifest' not found.
      Regenerating: 2 file(s) changed at 2025-10-11 12:23:52
                    _pages/publications.md
                    assets/css/main.scss
       Jekyll Feed: Generating feed for posts
                    ...done in 1.623811 seconds.
                    
[2025-10-11 12:23:54] ERROR '/publications/assets/css/main.css' not found.
[2025-10-11 12:23:54] ERROR '/publications/assets/css/main.css' not found.
[2025-10-11 12:23:54] ERROR '/publications/assets/js/main.min.js' not found.
[2025-10-11 12:23:54] ERROR '/publications/assets/css/academicons.css' not found.
[2025-10-11 12:23:54] ERROR '/publications/images/site.webmanifest' not found.
[2025-10-11 12:45:35] ERROR '/publications/assets/css/academicons.css' not found.
[2025-10-11 12:45:35] ERROR '/publications/assets/css/main.css' not found.
[2025-10-11 12:45:35] ERROR '/publications/assets/js/main.min.js' not found.
[2025-10-11 12:45:35] ERROR '/publications/images/site.webmanifest' not found.
[2025-10-11 22:39:04] ERROR '/publications/assets/css/academicons.css' not found.
[2025-10-11 22:39:04] ERROR '/publications/assets/css/main.css' not found.
[2025-10-11 22:39:04] ERROR '/publications/assets/js/main.min.js' not found.
[2025-10-11 22:39:04] ERROR '/publications/images/site.webmanifest' not found.
      Regenerating: 1 file(s) changed at 2025-10-11 22:40:26
                    _includes/masthead.html
       Jekyll Feed: Generating feed for posts
                    ...done in 1.601323 seconds.
                    
[2025-10-11 22:40:28] ERROR '/publications/assets/css/main.css' not found.
[2025-10-11 22:40:28] ERROR '/publications/assets/css/main.css' not found.
[2025-10-11 22:40:28] ERROR '/publications/assets/css/academicons.css' not found.
[2025-10-11 22:40:28] ERROR '/publications/assets/css/main.css' not found.
[2025-10-11 22:40:28] ERROR '/publications/assets/js/main.min.js' not found.
[2025-10-11 22:40:28] ERROR '/publications/assets/css/main.css' not found.
[2025-10-11 22:40:28] ERROR '/publications/assets/js/main.min.js' not found.
[2025-10-11 22:40:28] ERROR '/publications/assets/css/academicons.css' not found.
[2025-10-11 22:40:28] ERROR '/publications/images/site.webmanifest' not found.
[2025-10-11 22:40:28] ERROR '/publications/images/site.webmanifest' not found.
      Regenerating: 1 file(s) changed at 2025-10-11 22:40:54
                    _pages/publications.md
       Jekyll Feed: Generating feed for posts
                    ...done in 1.555196 seconds.
                    
[2025-10-11 22:41:00] ERROR '/publications/assets/css/academicons.css' not found.
[2025-10-11 22:41:00] ERROR '/publications/assets/css/main.css' not found.
[2025-10-11 22:41:00] ERROR '/publications/assets/js/main.min.js' not found.
[2025-10-11 22:41:01] ERROR '/publications/images/site.webmanifest' not found.
      Regenerating: 1 file(s) changed at 2025-10-11 22:41:06
                    assets/css/main.scss
       Jekyll Feed: Generating feed for posts
                    ...done in 1.545258 seconds.
                    
[2025-10-11 22:41:11] ERROR '/publications/assets/css/main.css' not found.
[2025-10-11 22:41:11] ERROR '/publications/assets/css/academicons.css' not found.
[2025-10-11 22:41:11] ERROR '/publications/assets/js/main.min.js' not found.
[2025-10-11 22:41:11] ERROR '/publications/images/site.webmanifest' not found.
[2025-10-11 22:41:14] ERROR '/publications/assets/css/main.css' not found.
[2025-10-11 22:41:14] ERROR '/publications/assets/js/main.min.js' not found.
[2025-10-11 22:41:14] ERROR '/publications/assets/css/academicons.css' not found.
[2025-10-11 22:41:14] ERROR '/publications/images/site.webmanifest' not found.
[2025-10-11 22:41:15] ERROR '/publications/assets/css/academicons.css' not found.
[2025-10-11 22:41:15] ERROR '/publications/assets/css/main.css' not found.
[2025-10-11 22:41:15] ERROR '/publications/assets/js/main.min.js' not found.
[2025-10-11 22:41:15] ERROR '/publications/images/site.webmanifest' not found.
      Regenerating: 3 file(s) changed at 2025-10-11 22:41:16
                    _includes/masthead.html
                    _pages/publications.md
                    assets/css/main.scss
       Jekyll Feed: Generating feed for posts
                    ...done in 1.940137 seconds.
                    
[2025-10-11 22:41:18] ERROR '/publications/assets/css/main.css' not found.
[2025-10-11 22:41:18] ERROR Errno::ECONNRESET: Connection reset by peer @ io_fillbuf - fd:23 
	/Users/kehanguo/PycharmProjects/KehanGuo/vendor/bundle/ruby/3.1.0/gems/webrick-1.9.1/lib/webrick/httpserver.rb:82:in `eof?'
	/Users/kehanguo/PycharmProjects/KehanGuo/vendor/bundle/ruby/3.1.0/gems/webrick-1.9.1/lib/webrick/httpserver.rb:82:in `run'
	/Users/kehanguo/PycharmProjects/KehanGuo/vendor/bundle/ruby/3.1.0/gems/webrick-1.9.1/lib/webrick/server.rb:310:in `block in start_thread'
[2025-10-11 22:41:18] ERROR '/publications/assets/css/main.css' not found.
[2025-10-11 22:41:18] ERROR '/publications/assets/css/academicons.css' not found.
[2025-10-11 22:41:18] ERROR '/publications/assets/js/main.min.js' not found.
[2025-10-11 22:41:18] ERROR '/publications/images/site.webmanifest' not found.
[2025-10-11 22:41:34] ERROR '/publications/assets/css/main.css' not found.
[2025-10-11 22:41:34] ERROR '/publications/assets/css/academicons.css' not found.
[2025-10-11 22:41:34] ERROR '/publications/assets/js/main.min.js' not found.
[2025-10-11 22:41:34] ERROR '/publications/images/site.webmanifest' not found.
[2025-10-11 22:42:58] ERROR '/publications/assets/css/main.css' not found.
[2025-10-11 22:42:58] ERROR '/publications/assets/js/main.min.js' not found.
[2025-10-11 22:42:58] ERROR '/publications/assets/css/academicons.css' not found.
[2025-10-11 22:42:58] ERROR '/publications/images/site.webmanifest' not found.
[2025-10-11 22:44:28] ERROR '/publications/assets/css/main.css' not found.
[2025-10-11 22:44:28] ERROR '/publications/assets/css/academicons.css' not found.
[2025-10-11 22:44:28] ERROR '/publications/assets/js/main.min.js' not found.
[2025-10-11 22:44:28] ERROR '/publications/images/site.webmanifest' not found.
      Regenerating: 1 file(s) changed at 2025-10-11 22:45:23
                    _data/publications.yml
       Jekyll Feed: Generating feed for posts
                    ...done in 1.598405 seconds.
                    
[2025-10-11 22:45:24] ERROR '/publications/assets/css/main.css' not found.
[2025-10-11 22:45:24] ERROR '/publications/assets/css/main.css' not found.
[2025-10-11 22:45:24] ERROR Errno::ECONNRESET: Connection reset by peer @ io_fillbuf - fd:24 
	/Users/kehanguo/PycharmProjects/KehanGuo/vendor/bundle/ruby/3.1.0/gems/webrick-1.9.1/lib/webrick/httpserver.rb:82:in `eof?'
	/Users/kehanguo/PycharmProjects/KehanGuo/vendor/bundle/ruby/3.1.0/gems/webrick-1.9.1/lib/webrick/httpserver.rb:82:in `run'
	/Users/kehanguo/PycharmProjects/KehanGuo/vendor/bundle/ruby/3.1.0/gems/webrick-1.9.1/lib/webrick/server.rb:310:in `block in start_thread'
[2025-10-11 22:45:24] ERROR '/publications/assets/css/main.css' not found.
[2025-10-11 22:45:24] ERROR '/publications/assets/js/main.min.js' not found.
[2025-10-11 22:45:24] ERROR '/publications/assets/css/academicons.css' not found.
[2025-10-11 22:45:24] ERROR '/publications/assets/css/main.css' not found.
[2025-10-11 22:45:24] ERROR '/publications/assets/css/academicons.css' not found.
[2025-10-11 22:45:24] ERROR '/publications/assets/js/main.min.js' not found.
[2025-10-11 22:45:24] ERROR '/publications/images/site.webmanifest' not found.
[2025-10-11 22:45:25] ERROR '/publications/images/site.webmanifest' not found.
      Regenerating: 1 file(s) changed at 2025-10-11 22:45:32
                    _data/publications.yml
       Jekyll Feed: Generating feed for posts
                    ...done in 1.620457 seconds.
                    
[2025-10-11 22:45:34] ERROR '/publications/assets/css/main.css' not found.
[2025-10-11 22:45:34] ERROR '/publications/assets/css/main.css' not found.
[2025-10-11 22:45:34] ERROR '/publications/assets/css/main.css' not found.
[2025-10-11 22:45:34] ERROR '/publications/assets/css/academicons.css' not found.
[2025-10-11 22:45:34] ERROR '/publications/assets/js/main.min.js' not found.
[2025-10-11 22:45:34] ERROR '/publications/assets/css/main.css' not found.
[2025-10-11 22:45:34] ERROR '/publications/assets/css/academicons.css' not found.
[2025-10-11 22:45:34] ERROR '/publications/assets/js/main.min.js' not found.
[2025-10-11 22:45:34] ERROR '/publications/images/site.webmanifest' not found.
[2025-10-11 22:45:34] ERROR '/publications/images/site.webmanifest' not found.
[2025-10-11 22:45:52] ERROR '/publications/assets/css/main.css' not found.
[2025-10-11 22:45:52] ERROR '/publications/assets/css/academicons.css' not found.
[2025-10-11 22:45:52] ERROR '/publications/assets/js/main.min.js' not found.
[2025-10-11 22:45:52] ERROR '/publications/images/site.webmanifest' not found.
      Regenerating: 1 file(s) changed at 2025-10-11 22:47:53
                    _pages/publications.md
       Jekyll Feed: Generating feed for posts
                    ...done in 1.590304 seconds.
                    
[2025-10-11 22:47:54] ERROR '/publications/assets/css/main.css' not found.
[2025-10-11 22:47:54] ERROR '/publications/assets/css/main.css' not found.
[2025-10-11 22:47:54] ERROR '/publications/assets/css/academicons.css' not found.
[2025-10-11 22:47:54] ERROR '/publications/assets/css/main.css' not found.
[2025-10-11 22:47:54] ERROR '/publications/assets/css/main.css' not found.
[2025-10-11 22:47:54] ERROR '/publications/assets/css/academicons.css' not found.
[2025-10-11 22:47:54] ERROR '/publications/assets/js/main.min.js' not found.
[2025-10-11 22:47:54] ERROR '/publications/assets/js/main.min.js' not found.
[2025-10-11 22:47:54] ERROR '/publications/assets/js/main.min.js' not found.
[2025-10-11 22:47:54] ERROR '/publications/images/site.webmanifest' not found.
[2025-10-11 22:47:54] ERROR '/publications/images/site.webmanifest' not found.
      Regenerating: 1 file(s) changed at 2025-10-11 22:48:03
                    assets/css/main.scss
       Jekyll Feed: Generating feed for posts
                    ...done in 1.575071 seconds.
                    
[2025-10-11 22:48:05] ERROR '/publications/assets/css/main.css' not found.
[2025-10-11 22:48:05] ERROR '/publications/assets/css/main.css' not found.
[2025-10-11 22:48:05] ERROR '/publications/assets/css/main.css' not found.
[2025-10-11 22:48:05] ERROR '/publications/assets/js/main.min.js' not found.
[2025-10-11 22:48:05] ERROR '/publications/assets/css/academicons.css' not found.
[2025-10-11 22:48:05] ERROR '/publications/assets/css/main.css' not found.
[2025-10-11 22:48:05] ERROR '/publications/assets/js/main.min.js' not found.
[2025-10-11 22:48:05] ERROR '/publications/assets/css/academicons.css' not found.
[2025-10-11 22:48:05] ERROR '/publications/images/site.webmanifest' not found.
[2025-10-11 22:48:05] ERROR '/publications/images/site.webmanifest' not found.
      Regenerating: 2 file(s) changed at 2025-10-11 22:48:45
                    assets/css/main.scss
                    _pages/publications.md
       Jekyll Feed: Generating feed for posts
                    ...done in 1.579716 seconds.
                    
[2025-10-11 22:48:47] ERROR '/publications/assets/css/main.css' not found.
[2025-10-11 22:48:47] ERROR '/publications/assets/css/academicons.css' not found.
[2025-10-11 22:48:47] ERROR '/publications/assets/css/main.css' not found.
[2025-10-11 22:48:47] ERROR '/publications/assets/js/main.min.js' not found.
[2025-10-11 22:48:47] ERROR '/publications/images/site.webmanifest' not found.
[2025-10-11 22:49:01] ERROR '/publications/assets/css/main.css' not found.
[2025-10-11 22:49:01] ERROR '/publications/assets/css/academicons.css' not found.
[2025-10-11 22:49:01] ERROR '/publications/assets/js/main.min.js' not found.
[2025-10-11 22:49:01] ERROR '/publications/images/site.webmanifest' not found.
[2025-10-11 22:49:33] ERROR '/publications/assets/css/main.css' not found.
[2025-10-11 22:49:33] ERROR '/publications/assets/css/academicons.css' not found.
[2025-10-11 22:49:33] ERROR '/publications/assets/js/main.min.js' not found.
[2025-10-11 22:49:33] ERROR '/publications/images/site.webmanifest' not found.
      Regenerating: 1 file(s) changed at 2025-10-11 22:54:37
                    _pages/publications.md
       Jekyll Feed: Generating feed for posts
                    ...done in 1.592219 seconds.
                    
[2025-10-11 22:54:38] ERROR '/publications/assets/css/main.css' not found.
[2025-10-11 22:54:38] ERROR '/publications/assets/css/main.css' not found.
[2025-10-11 22:54:38] ERROR '/publications/assets/js/main.min.js' not found.
[2025-10-11 22:54:38] ERROR '/publications/assets/css/academicons.css' not found.
[2025-10-11 22:54:38] ERROR '/publications/assets/css/main.css' not found.
[2025-10-11 22:54:38] ERROR '/publications/assets/js/main.min.js' not found.
[2025-10-11 22:54:38] ERROR '/publications/assets/css/academicons.css' not found.
[2025-10-11 22:54:38] ERROR '/publications/assets/css/main.css' not found.
[2025-10-11 22:54:39] ERROR '/publications/images/site.webmanifest' not found.
[2025-10-11 22:54:39] ERROR '/publications/images/site.webmanifest' not found.
[2025-10-11 22:54:46] ERROR '/publications/assets/css/academicons.css' not found.
[2025-10-11 22:54:46] ERROR '/publications/assets/css/main.css' not found.
[2025-10-11 22:54:46] ERROR '/publications/assets/js/main.min.js' not found.
[2025-10-11 22:54:46] ERROR '/publications/images/site.webmanifest' not found.
      Regenerating: 1 file(s) changed at 2025-10-11 22:54:48
                    _pages/publications.md
       Jekyll Feed: Generating feed for posts
                    ...done in 1.654633 seconds.
                    
[2025-10-11 22:54:50] ERROR '/publications/assets/css/main.css' not found.
[2025-10-11 22:54:50] ERROR '/publications/assets/css/main.css' not found.
[2025-10-11 22:54:50] ERROR '/publications/assets/css/main.css' not found.
[2025-10-11 22:54:50] ERROR Errno::ECONNRESET: Connection reset by peer @ io_fillbuf - fd:28 
	/Users/kehanguo/PycharmProjects/KehanGuo/vendor/bundle/ruby/3.1.0/gems/webrick-1.9.1/lib/webrick/httpserver.rb:82:in `eof?'
	/Users/kehanguo/PycharmProjects/KehanGuo/vendor/bundle/ruby/3.1.0/gems/webrick-1.9.1/lib/webrick/httpserver.rb:82:in `run'
	/Users/kehanguo/PycharmProjects/KehanGuo/vendor/bundle/ruby/3.1.0/gems/webrick-1.9.1/lib/webrick/server.rb:310:in `block in start_thread'
[2025-10-11 22:54:50] ERROR '/publications/assets/js/main.min.js' not found.
[2025-10-11 22:54:50] ERROR '/publications/assets/css/academicons.css' not found.
[2025-10-11 22:54:50] ERROR '/publications/assets/css/main.css' not found.
[2025-10-11 22:54:50] ERROR '/publications/assets/css/main.css' not found.
[2025-10-11 22:54:50] ERROR '/publications/assets/css/academicons.css' not found.
[2025-10-11 22:54:50] ERROR '/publications/assets/css/main.css' not found.
[2025-10-11 22:54:50] ERROR '/publications/images/site.webmanifest' not found.
[2025-10-11 22:54:50] ERROR '/publications/assets/js/main.min.js' not found.
[2025-10-11 22:54:50] ERROR '/publications/assets/css/academicons.css' not found.
[2025-10-11 22:54:50] ERROR '/publications/assets/js/main.min.js' not found.
[2025-10-11 22:54:50] ERROR '/publications/assets/css/academicons.css' not found.
[2025-10-11 22:54:51] ERROR '/publications/assets/js/main.min.js' not found.
[2025-10-11 22:54:51] ERROR '/publications/images/site.webmanifest' not found.
[2025-10-11 22:54:51] ERROR '/publications/images/site.webmanifest' not found.
[2025-10-11 22:56:06] ERROR '/publications/assets/css/academicons.css' not found.
[2025-10-11 22:56:06] ERROR '/publications/assets/css/main.css' not found.
[2025-10-11 22:56:06] ERROR '/publications/assets/js/main.min.js' not found.
[2025-10-11 22:56:06] ERROR '/publications/images/site.webmanifest' not found.
[2025-10-11 22:56:55] ERROR '/publications/assets/css/academicons.css' not found.
[2025-10-11 22:56:55] ERROR '/publications/assets/css/main.css' not found.
[2025-10-11 22:56:55] ERROR '/publications/assets/js/main.min.js' not found.
[2025-10-11 22:56:56] ERROR '/publications/images/site.webmanifest' not found.
[2025-10-11 22:58:59] ERROR '/publications/assets/css/main.css' not found.
[2025-10-11 22:58:59] ERROR '/publications/assets/css/academicons.css' not found.
[2025-10-11 22:58:59] ERROR '/publications/assets/js/main.min.js' not found.
[2025-10-11 22:58:59] ERROR '/publications/images/site.webmanifest' not found.
      Regenerating: 1 file(s) changed at 2025-10-11 22:59:12
                    _includes/masthead.html
       Jekyll Feed: Generating feed for posts
                    ...done in 1.535884 seconds.
                    
[2025-10-11 22:59:14] ERROR '/publications/assets/css/main.css' not found.
[2025-10-11 22:59:14] ERROR '/publications/assets/css/main.css' not found.
[2025-10-11 22:59:14] ERROR '/publications/assets/css/academicons.css' not found.
[2025-10-11 22:59:14] ERROR '/publications/assets/js/main.min.js' not found.
[2025-10-11 22:59:14] ERROR '/publications/images/site.webmanifest' not found.
      Regenerating: 1 file(s) changed at 2025-10-11 22:59:21
                    assets/css/main.scss
       Jekyll Feed: Generating feed for posts
                    ...done in 1.504811 seconds.
                    
[2025-10-11 22:59:22] ERROR '/publications/assets/css/main.css' not found.
[2025-10-11 22:59:22] ERROR '/publications/assets/css/main.css' not found.
[2025-10-11 22:59:22] ERROR '/publications/assets/css/academicons.css' not found.
[2025-10-11 22:59:22] ERROR '/publications/assets/js/main.min.js' not found.
[2025-10-11 22:59:22] ERROR '/publications/images/site.webmanifest' not found.
[2025-10-11 22:59:34] ERROR '/publications/assets/css/academicons.css' not found.
[2025-10-11 22:59:34] ERROR '/publications/assets/css/main.css' not found.
[2025-10-11 22:59:34] ERROR '/publications/assets/js/main.min.js' not found.
[2025-10-11 22:59:35] ERROR '/publications/images/site.webmanifest' not found.
[2025-10-11 22:59:36] ERROR '/publications/assets/css/main.css' not found.
[2025-10-11 22:59:36] ERROR '/publications/assets/css/academicons.css' not found.
[2025-10-11 22:59:36] ERROR '/publications/assets/js/main.min.js' not found.
[2025-10-11 22:59:37] ERROR '/publications/images/site.webmanifest' not found.
      Regenerating: 1 file(s) changed at 2025-10-11 22:59:43
                    _pages/publications.md
       Jekyll Feed: Generating feed for posts
                    ...done in 1.624799 seconds.
                    
[2025-10-11 22:59:45] ERROR '/publications/assets/css/main.css' not found.
[2025-10-11 22:59:45] ERROR '/publications/assets/js/main.min.js' not found.
[2025-10-11 22:59:45] ERROR '/publications/assets/css/main.css' not found.
[2025-10-11 22:59:45] ERROR '/publications/assets/css/academicons.css' not found.
[2025-10-11 22:59:45] ERROR '/publications/images/site.webmanifest' not found.
      Regenerating: 3 file(s) changed at 2025-10-11 22:59:49
                    _includes/masthead.html
                    _pages/publications.md
                    assets/css/main.scss
       Jekyll Feed: Generating feed for posts
                    ...done in 1.521437 seconds.
                    
[2025-10-11 22:59:50] ERROR '/publications/assets/css/main.css' not found.
[2025-10-11 22:59:50] ERROR '/publications/assets/css/main.css' not found.
[2025-10-11 22:59:50] ERROR '/publications/assets/js/main.min.js' not found.
[2025-10-11 22:59:50] ERROR '/publications/assets/css/academicons.css' not found.
[2025-10-11 22:59:51] ERROR '/publications/images/site.webmanifest' not found.
[2025-10-11 22:59:57] ERROR '/publications/assets/css/main.css' not found.
[2025-10-11 22:59:57] ERROR '/publications/assets/css/academicons.css' not found.
[2025-10-11 22:59:57] ERROR '/publications/assets/js/main.min.js' not found.
[2025-10-11 22:59:57] ERROR '/publications/images/site.webmanifest' not found.
[2025-10-11 23:48:30] ERROR '/publications/assets/css/main.css' not found.
[2025-10-11 23:48:30] ERROR '/publications/assets/css/academicons.css' not found.
[2025-10-11 23:48:30] ERROR '/publications/assets/js/main.min.js' not found.
[2025-10-11 23:48:30] ERROR '/publications/images/site.webmanifest' not found.
      Regenerating: 1 file(s) changed at 2025-10-11 23:49:59
                    _includes/head.html
       Jekyll Feed: Generating feed for posts
                    ...done in 1.581383 seconds.
                    
[2025-10-11 23:50:01] ERROR '/publications/assets/css/main.css' not found.
[2025-10-11 23:50:01] ERROR '/publications/assets/css/academicons.css' not found.
[2025-10-11 23:50:01] ERROR '/publications/assets/js/main.min.js' not found.
[2025-10-11 23:50:01] ERROR '/publications/images/site.webmanifest' not found.
      Regenerating: 1 file(s) changed at 2025-10-11 23:50:08
                    _includes/masthead.html
       Jekyll Feed: Generating feed for posts
                    ...done in 1.491504 seconds.
                    
[2025-10-11 23:50:09] ERROR '/publications/assets/css/academicons.css' not found.
[2025-10-11 23:50:09] ERROR '/publications/assets/js/main.min.js' not found.
[2025-10-11 23:50:10] ERROR '/publications/images/site.webmanifest' not found.
[2025-10-11 23:50:13] ERROR '/publications/assets/css/academicons.css' not found.
[2025-10-11 23:50:13] ERROR '/publications/assets/js/main.min.js' not found.
[2025-10-11 23:50:13] ERROR '/publications/images/site.webmanifest' not found.
[2025-10-11 23:50:14] ERROR '/publications/assets/css/academicons.css' not found.
[2025-10-11 23:50:14] ERROR '/publications/assets/js/main.min.js' not found.
[2025-10-11 23:50:14] ERROR '/publications/images/site.webmanifest' not found.
[2025-10-11 23:50:22] ERROR '/publications/assets/css/academicons.css' not found.
[2025-10-11 23:50:22] ERROR '/publications/assets/js/main.min.js' not found.
[2025-10-11 23:50:22] ERROR '/publications/images/site.webmanifest' not found.
      Regenerating: 2 file(s) changed at 2025-10-11 23:50:23
                    _includes/masthead.html
                    _includes/head.html
       Jekyll Feed: Generating feed for posts
                    ...done in 1.653252 seconds.
                    
[2025-10-11 23:50:25] ERROR Errno::ECONNRESET: Connection reset by peer @ io_fillbuf - fd:25 
	/Users/kehanguo/PycharmProjects/KehanGuo/vendor/bundle/ruby/3.1.0/gems/webrick-1.9.1/lib/webrick/httpserver.rb:82:in `eof?'
	/Users/kehanguo/PycharmProjects/KehanGuo/vendor/bundle/ruby/3.1.0/gems/webrick-1.9.1/lib/webrick/httpserver.rb:82:in `run'
	/Users/kehanguo/PycharmProjects/KehanGuo/vendor/bundle/ruby/3.1.0/gems/webrick-1.9.1/lib/webrick/server.rb:310:in `block in start_thread'
[2025-10-11 23:50:25] ERROR '/publications/assets/css/academicons.css' not found.
[2025-10-11 23:50:25] ERROR '/publications/assets/js/main.min.js' not found.
[2025-10-11 23:50:25] ERROR '/publications/images/site.webmanifest' not found.
[2025-10-11 23:50:42] ERROR '/publications/assets/js/main.min.js' not found.
[2025-10-11 23:50:42] ERROR '/publications/assets/css/academicons.css' not found.
[2025-10-11 23:50:43] ERROR '/publications/images/site.webmanifest' not found.
[2025-10-12 08:49:25] ERROR '/publications/assets/js/main.min.js' not found.
[2025-10-12 08:49:25] ERROR '/publications/assets/css/academicons.css' not found.
[2025-10-12 08:49:25] ERROR '/publications/images/site.webmanifest' not found.
      Regenerating: 1 file(s) changed at 2025-10-12 08:55:27
                    _includes/head.html
       Jekyll Feed: Generating feed for posts
                    ...done in 1.587353 seconds.
                    
      Regenerating: 1 file(s) changed at 2025-10-12 08:55:37
                    .jekyll.log
       Jekyll Feed: Generating feed for posts
                    ...done in 1.465588 seconds.
                    
      Regenerating: 1 file(s) changed at 2025-10-12 08:55:48
                    _includes/masthead.html
       Jekyll Feed: Generating feed for posts
                    ...done in 1.51841 seconds.
                    
